touch
{"level":"info","message":"Listening on port 9988","timestamp":"2017-07-24T18:33:11.396Z"}
{"level":"info","message":"Listening on port 9988","timestamp":"2017-07-25T14:51:27.737Z"}
{"level":"info","message":"Listening on port 9988","timestamp":"2017-07-25T15:14:29.196Z"}
{"level":"info","message":"Listening on port 9988","timestamp":"2017-07-26T17:21:01.375Z"}
{"level":"info","message":"Listening on port 9988","timestamp":"2017-07-26T18:05:31.381Z"}
{"level":"info","message":"Listening on port 9988","timestamp":"2017-07-26T19:49:42.586Z"}
{"level":"info","message":"Listening on port 9988","timestamp":"2017-07-26T21:33:15.117Z"}
{"level":"info","message":"Listening on port 9988","timestamp":"2017-07-27T15:52:07.920Z"}
{"level":"info","message":"Listening on port 9988","timestamp":"2017-08-07T00:34:29.788Z"}
{"level":"info","message":"Listening on port 9988","timestamp":"2017-08-07T00:54:36.665Z"}
{"level":"info","message":"Listening on port 9988","timestamp":"2017-08-07T00:57:18.413Z"}
{"level":"info","message":"Listening on port 9988","timestamp":"2017-08-07T16:51:10.524Z"}
{"level":"info","message":"Listening on port 9988","timestamp":"2017-08-07T16:52:22.226Z"}
{"level":"info","message":"Listening on port 9988","timestamp":"2017-08-07T16:53:55.112Z"}
{"level":"info","message":"Listening on port 9988","timestamp":"2017-08-07T16:58:58.349Z"}
{"level":"info","message":"Listening on port 9988","timestamp":"2017-08-07T16:59:01.381Z"}
{"level":"info","message":"Listening on port 9988","timestamp":"2017-08-07T17:05:59.633Z"}
{"level":"info","message":"Listening on port 9988","timestamp":"2017-08-07T17:07:21.696Z"}
{"level":"info","message":"Listening on port 9988","timestamp":"2017-08-07T17:12:05.729Z"}
{"level":"info","message":"Listening on port 9988","timestamp":"2017-08-07T17:12:39.042Z"}
{"level":"info","message":"Listening on port 9988","timestamp":"2017-08-07T17:15:22.097Z"}
{"level":"info","message":"Listening on port 9988","timestamp":"2017-08-07T17:15:45.708Z"}
{"level":"info","message":"Listening on port 9988","timestamp":"2017-08-07T17:16:22.331Z"}
{"level":"info","message":"Listening on port 9988","timestamp":"2017-08-07T17:17:42.332Z"}
{"level":"info","message":"Listening on port 9988","timestamp":"2017-08-07T17:18:25.042Z"}
{"level":"info","message":"Listening on port 9988","timestamp":"2017-08-07T17:19:04.895Z"}
{"level":"info","message":"Listening on port 9988","timestamp":"2017-08-07T17:19:14.963Z"}
{"level":"info","message":"Listening on port 9988","timestamp":"2017-08-07T17:19:30.820Z"}
{"level":"info","message":"Listening on port 9988","timestamp":"2017-08-07T17:19:51.149Z"}
{"level":"info","message":"Listening on port 9988","timestamp":"2017-08-07T17:20:33.180Z"}
{"level":"info","message":"Listening on port 9988","timestamp":"2017-08-07T17:21:15.824Z"}
{"level":"info","message":"Listening on port 9988","timestamp":"2017-08-07T17:21:55.570Z"}
{"level":"info","message":"Listening on port 9988","timestamp":"2017-08-07T17:22:34.540Z"}
{"level":"info","message":"Listening on port 9988","timestamp":"2017-08-07T17:22:41.459Z"}
<<<<<<< HEAD
{"level":"info","message":"Listening on port 9988","timestamp":"2017-08-07T22:04:50.710Z"}
{"level":"info","message":"Listening on port 9988","timestamp":"2017-08-31T20:23:47.011Z"}
=======
{"level":"info","message":"Listening on port 9988","timestamp":"2017-08-17T21:59:59.336Z"}
{"level":"info","message":"Listening on port 9988","timestamp":"2017-08-17T22:04:30.511Z"}
{"level":"info","message":"Listening on port 9988","timestamp":"2017-08-17T22:04:49.209Z"}
{"level":"info","message":"Listening on port 9988","timestamp":"2017-08-17T22:06:15.483Z"}
{"level":"info","message":"Listening on port 9988","timestamp":"2017-08-17T22:11:42.960Z"}
{"level":"info","message":"Listening on port 9988","timestamp":"2017-08-17T22:12:02.478Z"}
{"level":"info","message":"Listening on port 9988","timestamp":"2017-08-17T22:12:37.611Z"}
{"level":"info","message":"Listening on port 9988","timestamp":"2017-08-17T22:12:49.755Z"}
{"level":"info","message":"Listening on port 9988","timestamp":"2017-08-17T22:12:58.703Z"}
{"level":"info","message":"Listening on port 9988","timestamp":"2017-08-17T22:25:58.602Z"}
{"level":"info","message":"Listening on port 9988","timestamp":"2017-08-17T22:29:26.916Z"}
{"level":"info","message":"Listening on port 9988","timestamp":"2017-08-17T22:30:01.174Z"}
{"level":"info","message":"Listening on port 9988","timestamp":"2017-08-17T22:43:21.990Z"}
{"level":"info","message":"Listening on port 9988","timestamp":"2017-08-17T22:48:15.032Z"}
{"level":"info","message":"Listening on port 9988","timestamp":"2017-08-17T22:48:17.772Z"}
{"level":"info","message":"Listening on port 9988","timestamp":"2017-08-17T22:51:29.366Z"}
{"level":"info","message":"Listening on port 9988","timestamp":"2017-08-17T22:52:46.571Z"}
{"level":"info","message":"Listening on port 9988","timestamp":"2017-08-17T22:53:48.242Z"}
{"level":"info","message":"Listening on port 9988","timestamp":"2017-08-17T22:54:01.909Z"}
{"level":"info","message":"Listening on port 9988","timestamp":"2017-08-18T15:23:55.938Z"}
{"level":"info","message":"Listening on port 9988","timestamp":"2017-08-18T15:30:05.773Z"}
{"level":"info","message":"Listening on port 9988","timestamp":"2017-08-20T00:35:09.617Z"}
{"level":"info","message":"Listening on port 9988","timestamp":"2017-08-20T00:57:53.679Z"}
{"level":"info","message":"Listening on port 9988","timestamp":"2017-08-20T01:05:02.347Z"}
{"level":"info","message":"Listening on port 9988","timestamp":"2017-08-20T01:07:11.037Z"}
{"level":"info","message":"Listening on port 9988","timestamp":"2017-08-20T01:08:23.547Z"}
{"level":"info","message":"Listening on port 9988","timestamp":"2017-08-20T01:08:54.349Z"}
>>>>>>> 274c8a0599581775f631abe1ab587e64b2a6b434
{"level":"info","message":"Listening on port 9988","timestamp":"2017-08-31T21:04:07.503Z"}
{"level":"info","message":"Listening on port 9988","timestamp":"2017-08-31T21:05:03.848Z"}
{"level":"info","message":"Listening on port 9988","timestamp":"2017-08-31T21:06:58.687Z"}
{"level":"info","message":"Listening on port 9988","timestamp":"2017-08-31T21:07:50.508Z"}
{"level":"info","message":"Listening on port 9988","timestamp":"2017-08-31T21:08:14.794Z"}
{"level":"info","message":"Listening on port 9988","timestamp":"2017-08-31T21:32:16.091Z"}
{"level":"info","message":"Listening on port 9988","timestamp":"2017-08-31T21:34:05.809Z"}
{"level":"info","message":"Listening on port 9988","timestamp":"2017-08-31T21:50:32.072Z"}
{"level":"info","message":"Listening on port 9988","timestamp":"2017-08-31T22:50:02.296Z"}
{"level":"info","message":"Listening on port 9988","timestamp":"2017-09-01T16:04:56.082Z"}
{"level":"info","message":"Listening on port 9988","timestamp":"2017-09-01T17:00:16.715Z"}
{"level":"info","message":"Listening on port 9988","timestamp":"2017-09-01T17:23:15.602Z"}
{"level":"info","message":"Listening on port 9988","timestamp":"2017-09-01T17:23:34.283Z"}
{"level":"info","message":"Listening on port 9988","timestamp":"2017-09-01T21:57:03.776Z"}
{"level":"info","message":"Listening on port 9988","timestamp":"2017-09-01T21:59:13.887Z"}
{"level":"info","message":"Listening on port 9988","timestamp":"2017-09-01T22:23:12.334Z"}
{"level":"info","message":"Listening on port 9988","timestamp":"2017-09-02T18:26:31.134Z"}
{"level":"info","message":"Listening on port 9988","timestamp":"2017-09-02T18:28:56.347Z"}
{"level":"info","message":"Listening on port 9988","timestamp":"2017-09-02T18:30:24.075Z"}
{"level":"info","message":"Listening on port 9988","timestamp":"2017-09-02T18:31:38.783Z"}
{"level":"info","message":"Listening on port 9988","timestamp":"2017-09-02T18:34:00.839Z"}
{"level":"info","message":"Listening on port 9988","timestamp":"2017-09-12T18:20:23.824Z"}
{"level":"info","message":"Listening on port 9988","timestamp":"2017-09-12T18:23:27.573Z"}
{"level":"info","message":"Listening on port 9988","timestamp":"2017-09-12T18:24:21.124Z"}
{"level":"info","message":"Listening on port 9988","timestamp":"2017-09-12T18:25:24.602Z"}
{"level":"info","message":"Listening on port 9988","timestamp":"2017-09-12T18:27:10.859Z"}
{"level":"info","message":"Listening on port 9988","timestamp":"2017-09-12T18:28:06.403Z"}
{"level":"info","message":"Listening on port 9988","timestamp":"2017-09-12T20:20:19.118Z"}
{"level":"info","message":"Listening on port 9988","timestamp":"2017-09-12T20:29:42.595Z"}
{"level":"info","message":"Listening on port 9988","timestamp":"2017-09-12T20:49:41.917Z"}
{"level":"info","message":"Listening on port 9988","timestamp":"2017-09-12T20:50:24.912Z"}
{"level":"info","message":"Listening on port 9988","timestamp":"2017-09-12T20:50:55.862Z"}
{"level":"info","message":"Listening on port 9988","timestamp":"2017-09-20T17:04:00.650Z"}
{"level":"info","message":"Listening on port 9988","timestamp":"2017-09-20T22:28:29.391Z"}
{"level":"info","message":"Listening on port 9988","timestamp":"2017-09-20T22:29:43.616Z"}
{"level":"info","message":"Listening on port 9988","timestamp":"2017-09-21T15:48:10.171Z"}
{"level":"info","message":"Listening on port 9988","timestamp":"2017-09-25T17:57:34.650Z"}
{"level":"info","message":"Listening on port 9988","timestamp":"2017-09-25T17:59:43.413Z"}
{"level":"info","message":"Listening on port 9988","timestamp":"2017-09-25T18:02:05.686Z"}
{"level":"info","message":"Listening on port 9988","timestamp":"2017-09-25T18:02:58.867Z"}
{"level":"info","message":"Listening on port 9988","timestamp":"2017-09-25T18:04:26.030Z"}
{"level":"info","message":"Listening on port 9988","timestamp":"2017-09-25T18:05:27.729Z"}
{"level":"info","message":"Listening on port 9988","timestamp":"2017-09-25T18:05:53.518Z"}
{"level":"info","message":"Listening on port 9988","timestamp":"2017-09-25T18:06:15.363Z"}
{"level":"info","message":"Listening on port 9988","timestamp":"2017-09-25T18:07:48.495Z"}
{"level":"info","message":"Listening on port 9988","timestamp":"2017-09-25T18:08:28.260Z"}
{"level":"info","message":"Listening on port 9988","timestamp":"2017-09-25T18:09:57.095Z"}
{"level":"info","message":"Listening on port 9988","timestamp":"2017-09-25T18:10:14.254Z"}
{"level":"info","message":"Listening on port 9988","timestamp":"2017-09-25T18:12:04.536Z"}
{"level":"info","message":"Listening on port 9988","timestamp":"2017-09-25T18:13:27.418Z"}
{"level":"info","message":"Listening on port 9988","timestamp":"2017-09-25T18:13:34.204Z"}
{"level":"info","message":"Listening on port 9988","timestamp":"2017-09-25T18:15:53.908Z"}
{"level":"info","message":"Listening on port 9988","timestamp":"2017-09-25T18:20:53.825Z"}
{"level":"info","message":"Listening on port 9988","timestamp":"2017-09-25T18:22:10.127Z"}
{"level":"info","message":"Listening on port 9988","timestamp":"2017-09-25T18:22:57.810Z"}
{"level":"info","message":"Listening on port 9988","timestamp":"2017-09-25T18:24:36.706Z"}
{"level":"info","message":"Listening on port 9988","timestamp":"2017-09-25T18:25:19.308Z"}
{"level":"info","message":"Listening on port 9988","timestamp":"2017-09-25T18:25:33.663Z"}
{"level":"info","message":"Listening on port 9988","timestamp":"2017-09-25T18:26:07.811Z"}
{"level":"info","message":"Listening on port 9988","timestamp":"2017-09-25T18:26:28.449Z"}
{"level":"info","message":"Listening on port 9988","timestamp":"2017-09-25T18:31:53.758Z"}
{"level":"info","message":"Listening on port 9988","timestamp":"2017-09-25T18:32:07.157Z"}
{"level":"info","message":"Listening on port 9988","timestamp":"2017-09-25T19:17:53.877Z"}
{"level":"info","message":"Listening on port 9988","timestamp":"2017-09-25T19:18:50.783Z"}
{"level":"info","message":"Listening on port 9988","timestamp":"2017-09-25T19:19:22.252Z"}
{"level":"info","message":"Listening on port 9988","timestamp":"2017-09-25T19:19:41.075Z"}
{"level":"info","message":"Listening on port 9988","timestamp":"2017-09-25T19:21:40.626Z"}
{"level":"info","message":"Listening on port 9988","timestamp":"2017-09-25T19:21:51.284Z"}
{"level":"info","message":"Listening on port 9988","timestamp":"2017-09-25T19:22:03.433Z"}
{"level":"info","message":"Listening on port 9988","timestamp":"2017-09-25T19:22:18.586Z"}
{"level":"info","message":"Listening on port 9988","timestamp":"2017-09-25T19:22:33.527Z"}
{"level":"info","message":"Listening on port 9988","timestamp":"2017-09-25T19:27:30.975Z"}
{"level":"info","message":"Listening on port 9988","timestamp":"2017-09-25T19:27:57.904Z"}
{"level":"info","message":"Listening on port 9988","timestamp":"2017-09-25T19:28:25.666Z"}
{"level":"info","message":"Listening on port 9988","timestamp":"2017-09-25T19:31:47.397Z"}
{"level":"info","message":"Listening on port 9988","timestamp":"2017-09-25T19:34:11.663Z"}
{"level":"info","message":"Listening on port 9988","timestamp":"2017-09-25T19:34:33.426Z"}
{"level":"info","message":"Listening on port 9988","timestamp":"2017-09-25T19:34:41.763Z"}
{"level":"info","message":"Listening on port 9988","timestamp":"2017-09-25T19:34:56.280Z"}
{"level":"info","message":"Listening on port 9988","timestamp":"2017-09-25T19:35:06.881Z"}
{"level":"info","message":"Listening on port 9988","timestamp":"2017-09-25T19:35:31.692Z"}
{"level":"info","message":"Listening on port 9988","timestamp":"2017-09-25T19:35:39.889Z"}
{"level":"info","message":"Listening on port 9988","timestamp":"2017-09-25T19:36:04.365Z"}
{"level":"info","message":"Listening on port 9988","timestamp":"2017-09-25T19:36:06.708Z"}
{"level":"info","message":"Listening on port 9988","timestamp":"2017-09-25T19:36:42.071Z"}
{"level":"info","message":"Listening on port 9988","timestamp":"2017-09-25T19:37:43.035Z"}
{"level":"info","message":"Listening on port 9988","timestamp":"2017-09-25T19:39:29.195Z"}
{"level":"info","message":"Listening on port 9988","timestamp":"2017-09-25T19:39:37.671Z"}
{"level":"info","message":"Listening on port 9988","timestamp":"2017-09-25T19:40:40.428Z"}
{"level":"info","message":"Listening on port 9988","timestamp":"2017-09-25T19:41:09.354Z"}
{"level":"info","message":"Listening on port 9988","timestamp":"2017-09-25T19:42:15.007Z"}
{"level":"info","message":"Listening on port 9988","timestamp":"2017-09-25T19:42:42.636Z"}
{"level":"info","message":"Listening on port 9988","timestamp":"2017-09-25T19:44:26.618Z"}
{"level":"info","message":"Listening on port 9988","timestamp":"2017-09-25T19:44:45.198Z"}
{"level":"info","message":"Listening on port 9988","timestamp":"2017-09-25T19:44:52.271Z"}
{"level":"info","message":"Listening on port 9988","timestamp":"2017-09-25T19:44:54.295Z"}
{"level":"info","message":"Listening on port 9988","timestamp":"2017-09-25T19:45:28.562Z"}
{"level":"info","message":"Listening on port 9988","timestamp":"2017-09-25T19:52:13.531Z"}
{"level":"info","message":"Listening on port 9988","timestamp":"2017-09-25T19:52:50.644Z"}
{"level":"info","message":"Listening on port 9988","timestamp":"2017-09-25T19:53:20.450Z"}
{"level":"info","message":"Listening on port 9988","timestamp":"2017-09-25T19:53:41.244Z"}
{"level":"info","message":"Listening on port 9988","timestamp":"2017-09-25T19:54:10.637Z"}
{"level":"info","message":"Listening on port 9988","timestamp":"2017-09-25T20:24:08.817Z"}
{"level":"info","message":"Listening on port 9988","timestamp":"2017-09-25T20:28:55.596Z"}
{"level":"info","message":"Listening on port 9988","timestamp":"2017-09-25T20:29:35.721Z"}
{"level":"info","message":"Listening on port 9988","timestamp":"2017-09-25T20:30:17.286Z"}
{"level":"info","message":"Listening on port 9988","timestamp":"2017-09-25T20:33:27.800Z"}
{"level":"info","message":"Listening on port 9988","timestamp":"2017-09-25T20:37:22.045Z"}
{"level":"info","message":"Listening on port 9988","timestamp":"2017-09-25T20:42:25.125Z"}
{"level":"info","message":"Listening on port 9988","timestamp":"2017-09-25T20:43:12.697Z"}
{"level":"info","message":"Listening on port 9988","timestamp":"2017-09-25T20:45:08.500Z"}
{"level":"info","message":"Listening on port 9988","timestamp":"2017-09-25T20:47:18.254Z"}
{"level":"info","message":"Listening on port 9988","timestamp":"2017-09-25T20:50:12.681Z"}
{"level":"info","message":"Listening on port 9988","timestamp":"2017-09-25T21:23:13.225Z"}
{"level":"info","message":"Listening on port 9988","timestamp":"2017-09-25T21:23:22.845Z"}
{"level":"info","message":"Listening on port 9988","timestamp":"2017-09-25T21:23:46.986Z"}
{"level":"info","message":"Listening on port 9988","timestamp":"2017-09-25T21:26:12.069Z"}
{"level":"info","message":"Listening on port 9988","timestamp":"2017-09-25T21:26:33.530Z"}
{"level":"info","message":"Listening on port 9988","timestamp":"2017-09-25T21:35:37.109Z"}
{"level":"info","message":"Listening on port 9988","timestamp":"2017-09-25T21:38:34.540Z"}
{"level":"info","message":"Listening on port 9988","timestamp":"2017-09-25T21:39:19.941Z"}
{"level":"info","message":"Listening on port 9988","timestamp":"2017-09-25T21:41:09.469Z"}
{"level":"info","message":"Listening on port 9988","timestamp":"2017-09-25T21:42:42.072Z"}
